<?xml version="1.0" encoding="UTF-8"?>
<testsuite name="AppTest" tests="1" skipped="0" failures="0" errors="0" timestamp="2020-05-04T19:09:36" hostname="CS220W" time="0.373">
  <properties/>
  <testcase name="testAppHasAGreeting" classname="AppTest" time="0.373"/>
  <system-out><![CDATA[]]></system-out>
  <system-err><![CDATA[]]></system-err>
</testsuite>
